<?xml version="1.0" encoding="UTF-8"?>
<robot generator="Robot 7.0.1 (Python 3.11.2 on win32)" generated="2024-06-16T19:36:20.939702" rpa="false" schemaversion="5">
<suite id="s1" name="Test" source="C:\Users\cedua\OneDrive\Documents\Docs\QA\Cursos\PHA\robot_framework\IntroRobotFramework-PHA\projeto-estruturado\test\features\test.robot">
<test id="s1-t1" name="Caso de teste 01" line="10">
<kw name="Abrir Navegador" owner="hooks" type="SETUP">
<kw name="Open Browser" owner="SeleniumLibrary">
<msg time="2024-06-16T19:36:21.256737" level="INFO">Opening browser 'chrome' to base url 'about:blank'.</msg>
<arg>about:blank</arg>
<arg>chrome</arg>
<doc>Opens a new browser instance to the optional ``url``.</doc>
<status status="PASS" start="2024-06-16T19:36:21.256737" elapsed="2.325454"/>
</kw>
<kw name="Maximize Browser Window" owner="SeleniumLibrary">
<doc>Maximizes current browser window.</doc>
<status status="PASS" start="2024-06-16T19:36:23.582191" elapsed="0.053856"/>
</kw>
<status status="PASS" start="2024-06-16T19:36:21.255740" elapsed="2.380307"/>
</kw>
<kw name="Acessar a página da Learning Prime" owner="kws_home">
<kw name="Go To" owner="SeleniumLibrary">
<msg time="2024-06-16T19:36:23.642031" level="INFO">Opening url 'https://learningprime.com.br/'</msg>
<arg>https://learningprime.com.br/</arg>
<doc>Navigates the current browser window to the provided ``url``.</doc>
<status status="PASS" start="2024-06-16T19:36:23.642031" elapsed="2.014142"/>
</kw>
<status status="PASS" start="2024-06-16T19:36:23.642031" elapsed="2.014142"/>
</kw>
<kw name="Clicar no segundo produto" owner="kws_home">
<kw name="Wait Until Element Is Visible" owner="SeleniumLibrary">
<arg>${PRODUTO.segundo}</arg>
<doc>Waits until the element ``locator`` is visible.</doc>
<status status="PASS" start="2024-06-16T19:36:25.657169" elapsed="0.040891"/>
</kw>
<kw name="Click Element" owner="SeleniumLibrary">
<msg time="2024-06-16T19:36:25.699057" level="INFO">Clicking element 'id:product_2'.</msg>
<arg>${PRODUTO.segundo}</arg>
<doc>Click the element identified by ``locator``.</doc>
<status status="PASS" start="2024-06-16T19:36:25.698060" elapsed="0.997905"/>
</kw>
<status status="PASS" start="2024-06-16T19:36:25.657169" elapsed="1.039792"/>
</kw>
<kw name="Tirar print" owner="kws_home">
<kw name="Sleep" owner="BuiltIn">
<msg time="2024-06-16T19:36:27.700274" level="INFO">Slept 1 second.</msg>
<arg>1s</arg>
<doc>Pauses the test executed for the given time.</doc>
<status status="PASS" start="2024-06-16T19:36:26.698959" elapsed="1.001315"/>
</kw>
<kw name="Capture Page Screenshot" owner="SeleniumLibrary">
<msg time="2024-06-16T19:36:27.821444" level="INFO" html="true">&lt;/td&gt;&lt;/tr&gt;&lt;tr&gt;&lt;td colspan="3"&gt;&lt;a href="selenium-screenshot-2.png"&gt;&lt;img src="selenium-screenshot-2.png" width="800px"&gt;&lt;/a&gt;</msg>
<doc>Takes a screenshot of the current page and embeds it into a log file.</doc>
<status status="PASS" start="2024-06-16T19:36:27.700274" elapsed="0.121170"/>
</kw>
<status status="PASS" start="2024-06-16T19:36:26.697960" elapsed="1.123484"/>
</kw>
<kw name="Fechar Navegador" owner="hooks" type="TEARDOWN">
<kw name="Close Browser" owner="SeleniumLibrary">
<doc>Closes the current browser.</doc>
<status status="PASS" start="2024-06-16T19:36:27.822441" elapsed="2.330871"/>
</kw>
<status status="PASS" start="2024-06-16T19:36:27.822441" elapsed="2.330871"/>
</kw>
<tag>ct01</tag>
<status status="PASS" start="2024-06-16T19:36:21.254743" elapsed="8.900561"/>
</test>
<status status="PASS" start="2024-06-16T19:36:20.947030" elapsed="9.215260"/>
</suite>
<statistics>
<total>
<stat pass="1" fail="0" skip="0">All Tests</stat>
</total>
<tag>
<stat pass="1" fail="0" skip="0">ct01</stat>
</tag>
<suite>
<stat pass="1" fail="0" skip="0" id="s1" name="Test">Test</stat>
</suite>
</statistics>
<errors>
</errors>
</robot>
